0 info it worked if it ends with ok
1 verbose cli [ '/Users/jose.rodriguez/.nvm/versions/node/v6.0.0/bin/node',
1 verbose cli   '/Users/jose.rodriguez/.nvm/versions/node/v6.0.0/bin/npm',
1 verbose cli   'run',
1 verbose cli   'dev' ]
2 info using npm@3.10.10
3 info using node@v6.0.0
4 verbose run-script [ 'predev', 'dev', 'postdev' ]
5 info lifecycle webpack-dev-base@1.0.0~predev: webpack-dev-base@1.0.0
6 silly lifecycle webpack-dev-base@1.0.0~predev: no script for predev, continuing
7 info lifecycle webpack-dev-base@1.0.0~dev: webpack-dev-base@1.0.0
8 verbose lifecycle webpack-dev-base@1.0.0~dev: unsafe-perm in lifecycle true
9 verbose lifecycle webpack-dev-base@1.0.0~dev: PATH: /Users/jose.rodriguez/.nvm/versions/node/v6.0.0/lib/node_modules/npm/bin/node-gyp-bin:/Users/jose.rodriguez/proyects/webpack/node_modules/.bin:/Users/jose.rodriguez/.nvm/versions/node/v6.0.0/bin:./node_modules/.bin/:/sw/bin:/sw/sbin:/opt/local/bin:/opt/local/sbin:/usr/local/bin:/usr/local/sbin/:/usr/bin:/bin:/usr/sbin:/sbin
10 verbose lifecycle webpack-dev-base@1.0.0~dev: CWD: /Users/jose.rodriguez/proyects/webpack
11 silly lifecycle webpack-dev-base@1.0.0~dev: Args: [ '-c',
11 silly lifecycle   'webpack-dev-server --watch --progress --colors --open' ]
12 silly lifecycle webpack-dev-base@1.0.0~dev: Returned: code: 1  signal: null
13 info lifecycle webpack-dev-base@1.0.0~dev: Failed to exec dev script
14 verbose stack Error: webpack-dev-base@1.0.0 dev: `webpack-dev-server --watch --progress --colors --open`
14 verbose stack Exit status 1
14 verbose stack     at EventEmitter.<anonymous> (/Users/jose.rodriguez/.nvm/versions/node/v6.0.0/lib/node_modules/npm/lib/utils/lifecycle.js:255:16)
14 verbose stack     at emitTwo (events.js:106:13)
14 verbose stack     at EventEmitter.emit (events.js:191:7)
14 verbose stack     at ChildProcess.<anonymous> (/Users/jose.rodriguez/.nvm/versions/node/v6.0.0/lib/node_modules/npm/lib/utils/spawn.js:40:14)
14 verbose stack     at emitTwo (events.js:106:13)
14 verbose stack     at ChildProcess.emit (events.js:191:7)
14 verbose stack     at maybeClose (internal/child_process.js:850:16)
14 verbose stack     at Process.ChildProcess._handle.onexit (internal/child_process.js:215:5)
15 verbose pkgid webpack-dev-base@1.0.0
16 verbose cwd /Users/jose.rodriguez/proyects/webpack
17 error Darwin 15.6.0
18 error argv "/Users/jose.rodriguez/.nvm/versions/node/v6.0.0/bin/node" "/Users/jose.rodriguez/.nvm/versions/node/v6.0.0/bin/npm" "run" "dev"
19 error node v6.0.0
20 error npm  v3.10.10
21 error code ELIFECYCLE
22 error webpack-dev-base@1.0.0 dev: `webpack-dev-server --watch --progress --colors --open`
22 error Exit status 1
23 error Failed at the webpack-dev-base@1.0.0 dev script 'webpack-dev-server --watch --progress --colors --open'.
23 error Make sure you have the latest version of node.js and npm installed.
23 error If you do, this is most likely a problem with the webpack-dev-base package,
23 error not with npm itself.
23 error Tell the author that this fails on your system:
23 error     webpack-dev-server --watch --progress --colors --open
23 error You can get information on how to open an issue for this project with:
23 error     npm bugs webpack-dev-base
23 error Or if that isn't available, you can get their info via:
23 error     npm owner ls webpack-dev-base
23 error There is likely additional logging output above.
24 verbose exit [ 1, true ]
